0 info it worked if it ends with ok
1 verbose cli [ 'C:\\Program Files\\nodejs\\node.exe',
1 verbose cli   'C:\\Program Files\\nodejs\\node_modules\\npm\\bin\\npm-cli.js',
1 verbose cli   'install',
1 verbose cli   'redis.py' ]
2 info using npm@2.14.12
3 info using node@v4.3.2
4 verbose config Skipping project config: C:\Users\Bart/.npmrc. (matches userconfig)
5 verbose install initial load of C:\Users\Bart\package.json
6 verbose installManyTop reading scoped package data from C:\Users\Bart\node_modules\q\package.json
7 verbose installManyTop reading scoped package data from C:\Users\Bart\node_modules\redis\package.json
8 info package.json q@1.4.1 license should be a valid SPDX license expression
9 verbose readDependencies loading dependencies from C:\Users\Bart\package.json
10 silly cache add args [ 'redis.py', null ]
11 verbose cache add spec redis.py
12 silly cache add parsed spec Result {
12 silly cache add   raw: 'redis.py',
12 silly cache add   scope: null,
12 silly cache add   name: 'redis.py',
12 silly cache add   rawSpec: '',
12 silly cache add   spec: 'latest',
12 silly cache add   type: 'tag' }
13 silly addNamed redis.py@latest
14 verbose addNamed "latest" is being treated as a dist-tag for redis.py
15 info addNameTag [ 'redis.py', 'latest' ]
16 silly mapToRegistry name redis.py
17 silly mapToRegistry using default registry
18 silly mapToRegistry registry https://registry.npmjs.org/
19 silly mapToRegistry uri https://registry.npmjs.org/redis.py
20 verbose addNameTag registry:https://registry.npmjs.org/redis.py not in flight; fetching
21 verbose request uri https://registry.npmjs.org/redis.py
22 verbose request no auth needed
23 info attempt registry request try #1 at 17:04:20
24 verbose request id e55fa634ee96ab1e
25 http request GET https://registry.npmjs.org/redis.py
26 http 404 https://registry.npmjs.org/redis.py
27 verbose headers { 'content-type': 'application/json',
27 verbose headers   'cache-control': 'max-age=0',
27 verbose headers   'content-length': '2',
27 verbose headers   'accept-ranges': 'bytes',
27 verbose headers   date: 'Tue, 12 Apr 2016 15:04:05 GMT',
27 verbose headers   via: '1.1 varnish',
27 verbose headers   age: '0',
27 verbose headers   connection: 'keep-alive',
27 verbose headers   'x-served-by': 'cache-ams4128-AMS',
27 verbose headers   'x-cache': 'MISS',
27 verbose headers   'x-cache-hits': '0',
27 verbose headers   'x-timer': 'S1460473445.373219,VS0,VE370',
27 verbose headers   vary: 'Accept-Encoding' }
28 silly get cb [ 404,
28 silly get   { 'content-type': 'application/json',
28 silly get     'cache-control': 'max-age=0',
28 silly get     'content-length': '2',
28 silly get     'accept-ranges': 'bytes',
28 silly get     date: 'Tue, 12 Apr 2016 15:04:05 GMT',
28 silly get     via: '1.1 varnish',
28 silly get     age: '0',
28 silly get     connection: 'keep-alive',
28 silly get     'x-served-by': 'cache-ams4128-AMS',
28 silly get     'x-cache': 'MISS',
28 silly get     'x-cache-hits': '0',
28 silly get     'x-timer': 'S1460473445.373219,VS0,VE370',
28 silly get     vary: 'Accept-Encoding' } ]
29 verbose stack Error: Registry returned 404 for GET on https://registry.npmjs.org/redis.py
29 verbose stack     at makeError (C:\Program Files\nodejs\node_modules\npm\node_modules\npm-registry-client\lib\request.js:264:12)
29 verbose stack     at CachingRegistryClient.<anonymous> (C:\Program Files\nodejs\node_modules\npm\node_modules\npm-registry-client\lib\request.js:242:14)
29 verbose stack     at Request._callback (C:\Program Files\nodejs\node_modules\npm\node_modules\npm-registry-client\lib\request.js:172:14)
29 verbose stack     at Request.self.callback (C:\Program Files\nodejs\node_modules\npm\node_modules\request\request.js:198:22)
29 verbose stack     at emitTwo (events.js:87:13)
29 verbose stack     at Request.emit (events.js:172:7)
29 verbose stack     at Request.<anonymous> (C:\Program Files\nodejs\node_modules\npm\node_modules\request\request.js:1082:10)
29 verbose stack     at emitOne (events.js:82:20)
29 verbose stack     at Request.emit (events.js:169:7)
29 verbose stack     at IncomingMessage.<anonymous> (C:\Program Files\nodejs\node_modules\npm\node_modules\request\request.js:1009:12)
30 verbose statusCode 404
31 verbose pkgid redis.py
32 verbose cwd C:\Users\Bart\Desktop\Webtech\WebtechVraag2
33 error Windows_NT 10.0.10586
34 error argv "C:\\Program Files\\nodejs\\node.exe" "C:\\Program Files\\nodejs\\node_modules\\npm\\bin\\npm-cli.js" "install" "redis.py"
35 error node v4.3.2
36 error npm  v2.14.12
37 error code E404
38 error 404 Registry returned 404 for GET on https://registry.npmjs.org/redis.py
38 error 404
38 error 404 'redis.py' is not in the npm registry.
38 error 404 You should bug the author to publish it (or use the name yourself!)
38 error 404
38 error 404 Note that you can also install from a
38 error 404 tarball, folder, http url, or git url.
39 verbose exit [ 1, true ]
